<?xml version="1.0" encoding="UTF-8"?>
<testsuite xmlns:xsi="http://www.w3.org/2001/XMLSchema-instance" xsi:noNamespaceSchemaLocation="https://maven.apache.org/surefire/maven-surefire-plugin/xsd/surefire-test-report.xsd" name="com.microd.imagegenerator.ImageGeneratorApplicationTests" time="0.048" tests="1" errors="0" skipped="0" failures="0">
  <properties>
    <property name="java.specification.version" value="17"/>
    <property name="sun.jnu.encoding" value="UTF-8"/>
    <property name="java.class.path" value="/home/adil.shaikh/workspace_intellij/imagegenerator/target/test-classes:/home/adil.shaikh/workspace_intellij/imagegenerator/target/classes:/home/adil.shaikh/.m2/repository/org/springframework/boot/spring-boot-starter/2.3.1.RELEASE/spring-boot-starter-2.3.1.RELEASE.jar:/home/adil.shaikh/.m2/repository/org/springframework/boot/spring-boot/2.3.1.RELEASE/spring-boot-2.3.1.RELEASE.jar:/home/adil.shaikh/.m2/repository/org/springframework/spring-context/5.2.7.RELEASE/spring-context-5.2.7.RELEASE.jar:/home/adil.shaikh/.m2/repository/org/springframework/spring-aop/5.2.7.RELEASE/spring-aop-5.2.7.RELEASE.jar:/home/adil.shaikh/.m2/repository/org/springframework/spring-expression/5.2.7.RELEASE/spring-expression-5.2.7.RELEASE.jar:/home/adil.shaikh/.m2/repository/org/springframework/boot/spring-boot-autoconfigure/2.3.1.RELEASE/spring-boot-autoconfigure-2.3.1.RELEASE.jar:/home/adil.shaikh/.m2/repository/org/springframework/boot/spring-boot-starter-logging/2.3.1.RELEASE/spring-boot-starter-logging-2.3.1.RELEASE.jar:/home/adil.shaikh/.m2/repository/ch/qos/logback/logback-classic/1.2.3/logback-classic-1.2.3.jar:/home/adil.shaikh/.m2/repository/ch/qos/logback/logback-core/1.2.3/logback-core-1.2.3.jar:/home/adil.shaikh/.m2/repository/org/apache/logging/log4j/log4j-to-slf4j/2.13.3/log4j-to-slf4j-2.13.3.jar:/home/adil.shaikh/.m2/repository/org/apache/logging/log4j/log4j-api/2.13.3/log4j-api-2.13.3.jar:/home/adil.shaikh/.m2/repository/jakarta/annotation/jakarta.annotation-api/1.3.5/jakarta.annotation-api-1.3.5.jar:/home/adil.shaikh/.m2/repository/org/springframework/spring-core/5.2.7.RELEASE/spring-core-5.2.7.RELEASE.jar:/home/adil.shaikh/.m2/repository/org/springframework/spring-jcl/5.2.7.RELEASE/spring-jcl-5.2.7.RELEASE.jar:/home/adil.shaikh/.m2/repository/org/yaml/snakeyaml/1.26/snakeyaml-1.26.jar:/home/adil.shaikh/.m2/repository/org/springframework/cloud/spring-cloud-starter-aws/2.2.2.RELEASE/spring-cloud-starter-aws-2.2.2.RELEASE.jar:/home/adil.shaikh/.m2/repository/org/springframework/cloud/spring-cloud-aws-context/2.2.2.RELEASE/spring-cloud-aws-context-2.2.2.RELEASE.jar:/home/adil.shaikh/.m2/repository/org/springframework/cloud/spring-cloud-aws-core/2.2.2.RELEASE/spring-cloud-aws-core-2.2.2.RELEASE.jar:/home/adil.shaikh/.m2/repository/com/amazonaws/aws-java-sdk-core/1.11.415/aws-java-sdk-core-1.11.415.jar:/home/adil.shaikh/.m2/repository/org/apache/httpcomponents/httpclient/4.5.12/httpclient-4.5.12.jar:/home/adil.shaikh/.m2/repository/org/apache/httpcomponents/httpcore/4.4.13/httpcore-4.4.13.jar:/home/adil.shaikh/.m2/repository/commons-codec/commons-codec/1.14/commons-codec-1.14.jar:/home/adil.shaikh/.m2/repository/software/amazon/ion/ion-java/1.0.2/ion-java-1.0.2.jar:/home/adil.shaikh/.m2/repository/com/fasterxml/jackson/dataformat/jackson-dataformat-cbor/2.11.0/jackson-dataformat-cbor-2.11.0.jar:/home/adil.shaikh/.m2/repository/com/amazonaws/aws-java-sdk-s3/1.11.415/aws-java-sdk-s3-1.11.415.jar:/home/adil.shaikh/.m2/repository/com/amazonaws/aws-java-sdk-kms/1.11.415/aws-java-sdk-kms-1.11.415.jar:/home/adil.shaikh/.m2/repository/com/amazonaws/jmespath-java/1.11.415/jmespath-java-1.11.415.jar:/home/adil.shaikh/.m2/repository/com/amazonaws/aws-java-sdk-ec2/1.11.415/aws-java-sdk-ec2-1.11.415.jar:/home/adil.shaikh/.m2/repository/com/amazonaws/aws-java-sdk-cloudformation/1.11.415/aws-java-sdk-cloudformation-1.11.415.jar:/home/adil.shaikh/.m2/repository/org/springframework/cloud/spring-cloud-aws-autoconfigure/2.2.2.RELEASE/spring-cloud-aws-autoconfigure-2.2.2.RELEASE.jar:/home/adil.shaikh/.m2/repository/org/slf4j/slf4j-api/1.7.30/slf4j-api-1.7.30.jar:/home/adil.shaikh/.m2/repository/javax/activation/javax.activation-api/1.2.0/javax.activation-api-1.2.0.jar:/home/adil.shaikh/.m2/repository/org/springframework/cloud/spring-cloud-function-adapter-aws/3.0.8.RELEASE/spring-cloud-function-adapter-aws-3.0.8.RELEASE.jar:/home/adil.shaikh/.m2/repository/org/springframework/cloud/spring-cloud-function-context/3.0.8.RELEASE/spring-cloud-function-context-3.0.8.RELEASE.jar:/home/adil.shaikh/.m2/repository/net/jodah/typetools/0.6.2/typetools-0.6.2.jar:/home/adil.shaikh/.m2/repository/org/springframework/cloud/spring-cloud-function-core/3.0.8.RELEASE/spring-cloud-function-core-3.0.8.RELEASE.jar:/home/adil.shaikh/.m2/repository/org/springframework/spring-messaging/5.2.7.RELEASE/spring-messaging-5.2.7.RELEASE.jar:/home/adil.shaikh/.m2/repository/org/springframework/spring-web/5.2.7.RELEASE/spring-web-5.2.7.RELEASE.jar:/home/adil.shaikh/.m2/repository/org/springframework/spring-beans/5.2.7.RELEASE/spring-beans-5.2.7.RELEASE.jar:/home/adil.shaikh/.m2/repository/com/fasterxml/jackson/core/jackson-databind/2.11.0/jackson-databind-2.11.0.jar:/home/adil.shaikh/.m2/repository/com/fasterxml/jackson/core/jackson-annotations/2.11.0/jackson-annotations-2.11.0.jar:/home/adil.shaikh/.m2/repository/com/fasterxml/jackson/core/jackson-core/2.11.0/jackson-core-2.11.0.jar:/home/adil.shaikh/.m2/repository/io/projectreactor/reactor-core/3.3.6.RELEASE/reactor-core-3.3.6.RELEASE.jar:/home/adil.shaikh/.m2/repository/org/reactivestreams/reactive-streams/1.0.3/reactive-streams-1.0.3.jar:/home/adil.shaikh/.m2/repository/javax/annotation/javax.annotation-api/1.3.2/javax.annotation-api-1.3.2.jar:/home/adil.shaikh/.m2/repository/com/amazonaws/aws-lambda-java-events/2.0.2/aws-lambda-java-events-2.0.2.jar:/home/adil.shaikh/.m2/repository/joda-time/joda-time/2.6/joda-time-2.6.jar:/home/adil.shaikh/.m2/repository/com/amazonaws/aws-lambda-java-core/1.1.0/aws-lambda-java-core-1.1.0.jar:/home/adil.shaikh/.m2/repository/org/springframework/boot/spring-boot-starter-test/2.3.1.RELEASE/spring-boot-starter-test-2.3.1.RELEASE.jar:/home/adil.shaikh/.m2/repository/org/springframework/boot/spring-boot-test/2.3.1.RELEASE/spring-boot-test-2.3.1.RELEASE.jar:/home/adil.shaikh/.m2/repository/org/springframework/boot/spring-boot-test-autoconfigure/2.3.1.RELEASE/spring-boot-test-autoconfigure-2.3.1.RELEASE.jar:/home/adil.shaikh/.m2/repository/com/jayway/jsonpath/json-path/2.4.0/json-path-2.4.0.jar:/home/adil.shaikh/.m2/repository/net/minidev/json-smart/2.3/json-smart-2.3.jar:/home/adil.shaikh/.m2/repository/net/minidev/accessors-smart/1.2/accessors-smart-1.2.jar:/home/adil.shaikh/.m2/repository/org/ow2/asm/asm/5.0.4/asm-5.0.4.jar:/home/adil.shaikh/.m2/repository/jakarta/xml/bind/jakarta.xml.bind-api/2.3.3/jakarta.xml.bind-api-2.3.3.jar:/home/adil.shaikh/.m2/repository/jakarta/activation/jakarta.activation-api/1.2.2/jakarta.activation-api-1.2.2.jar:/home/adil.shaikh/.m2/repository/org/assertj/assertj-core/3.16.1/assertj-core-3.16.1.jar:/home/adil.shaikh/.m2/repository/org/hamcrest/hamcrest/2.2/hamcrest-2.2.jar:/home/adil.shaikh/.m2/repository/org/junit/jupiter/junit-jupiter/5.6.2/junit-jupiter-5.6.2.jar:/home/adil.shaikh/.m2/repository/org/junit/jupiter/junit-jupiter-api/5.6.2/junit-jupiter-api-5.6.2.jar:/home/adil.shaikh/.m2/repository/org/apiguardian/apiguardian-api/1.1.0/apiguardian-api-1.1.0.jar:/home/adil.shaikh/.m2/repository/org/opentest4j/opentest4j/1.2.0/opentest4j-1.2.0.jar:/home/adil.shaikh/.m2/repository/org/junit/platform/junit-platform-commons/1.6.2/junit-platform-commons-1.6.2.jar:/home/adil.shaikh/.m2/repository/org/junit/jupiter/junit-jupiter-params/5.6.2/junit-jupiter-params-5.6.2.jar:/home/adil.shaikh/.m2/repository/org/junit/jupiter/junit-jupiter-engine/5.6.2/junit-jupiter-engine-5.6.2.jar:/home/adil.shaikh/.m2/repository/org/junit/platform/junit-platform-engine/1.6.2/junit-platform-engine-1.6.2.jar:/home/adil.shaikh/.m2/repository/org/mockito/mockito-core/3.3.3/mockito-core-3.3.3.jar:/home/adil.shaikh/.m2/repository/net/bytebuddy/byte-buddy/1.10.11/byte-buddy-1.10.11.jar:/home/adil.shaikh/.m2/repository/net/bytebuddy/byte-buddy-agent/1.10.11/byte-buddy-agent-1.10.11.jar:/home/adil.shaikh/.m2/repository/org/objenesis/objenesis/2.6/objenesis-2.6.jar:/home/adil.shaikh/.m2/repository/org/mockito/mockito-junit-jupiter/3.3.3/mockito-junit-jupiter-3.3.3.jar:/home/adil.shaikh/.m2/repository/org/skyscreamer/jsonassert/1.5.0/jsonassert-1.5.0.jar:/home/adil.shaikh/.m2/repository/com/vaadin/external/google/android-json/0.0.20131108.vaadin1/android-json-0.0.20131108.vaadin1.jar:/home/adil.shaikh/.m2/repository/org/xmlunit/xmlunit-core/2.7.0/xmlunit-core-2.7.0.jar:/home/adil.shaikh/.m2/repository/org/springframework/spring-test/5.2.7.RELEASE/spring-test-5.2.7.RELEASE.jar:/home/adil.shaikh/.m2/repository/org/apache/avalon/framework/avalon-framework-api/4.3.1/avalon-framework-api-4.3.1.jar:/home/adil.shaikh/.m2/repository/org/apache/avalon/framework/avalon-framework-impl/4.3.1/avalon-framework-impl-4.3.1.jar:/home/adil.shaikh/.m2/repository/org/json/json/20131018/json-20131018.jar:/home/adil.shaikh/.m2/repository/org/slf4j/jul-to-slf4j/1.7.30/jul-to-slf4j-1.7.30.jar:/home/adil.shaikh/.m2/repository/org/apache/xmlgraphics/fop/2.8/fop-2.8.jar:/home/adil.shaikh/.m2/repository/org/apache/xmlgraphics/fop-util/2.8/fop-util-2.8.jar:/home/adil.shaikh/.m2/repository/org/apache/xmlgraphics/xmlgraphics-commons/2.8/xmlgraphics-commons-2.8.jar:/home/adil.shaikh/.m2/repository/org/apache/xmlgraphics/fop-events/2.8/fop-events-2.8.jar:/home/adil.shaikh/.m2/repository/com/thoughtworks/qdox/qdox/1.12/qdox-1.12.jar:/home/adil.shaikh/.m2/repository/commons-io/commons-io/2.11.0/commons-io-2.11.0.jar:/home/adil.shaikh/.m2/repository/org/apache/xmlgraphics/fop-core/2.8/fop-core-2.8.jar:/home/adil.shaikh/.m2/repository/org/apache/xmlgraphics/batik-anim/1.16/batik-anim-1.16.jar:/home/adil.shaikh/.m2/repository/org/apache/xmlgraphics/batik-ext/1.16/batik-ext-1.16.jar:/home/adil.shaikh/.m2/repository/org/apache/xmlgraphics/batik-shared-resources/1.16/batik-shared-resources-1.16.jar:/home/adil.shaikh/.m2/repository/org/apache/xmlgraphics/batik-extension/1.16/batik-extension-1.16.jar:/home/adil.shaikh/.m2/repository/org/apache/xmlgraphics/batik-gvt/1.16/batik-gvt-1.16.jar:/home/adil.shaikh/.m2/repository/org/apache/pdfbox/pdfbox/2.0.0/pdfbox-2.0.0.jar:/home/adil.shaikh/.m2/repository/org/apache/pdfbox/fontbox/2.0.0/fontbox-2.0.0.jar:/home/adil.shaikh/.m2/repository/commons-logging/commons-logging/1.2/commons-logging-1.2.jar:/home/adil.shaikh/.m2/repository/org/apache/xmlgraphics/batik-codec/1.10/batik-codec-1.10.jar:/home/adil.shaikh/.m2/repository/org/apache/xmlgraphics/batik-awt-util/1.10/batik-awt-util-1.10.jar:/home/adil.shaikh/.m2/repository/org/apache/xmlgraphics/batik-bridge/1.10/batik-bridge-1.10.jar:/home/adil.shaikh/.m2/repository/org/apache/xmlgraphics/batik-css/1.10/batik-css-1.10.jar:/home/adil.shaikh/.m2/repository/org/apache/xmlgraphics/batik-dom/1.10/batik-dom-1.10.jar:/home/adil.shaikh/.m2/repository/xalan/xalan/2.7.2/xalan-2.7.2.jar:/home/adil.shaikh/.m2/repository/xalan/serializer/2.7.2/serializer-2.7.2.jar:/home/adil.shaikh/.m2/repository/xml-apis/xml-apis/1.3.04/xml-apis-1.3.04.jar:/home/adil.shaikh/.m2/repository/org/apache/xmlgraphics/batik-parser/1.10/batik-parser-1.10.jar:/home/adil.shaikh/.m2/repository/org/apache/xmlgraphics/batik-script/1.10/batik-script-1.10.jar:/home/adil.shaikh/.m2/repository/org/apache/xmlgraphics/batik-svg-dom/1.10/batik-svg-dom-1.10.jar:/home/adil.shaikh/.m2/repository/org/apache/xmlgraphics/batik-xml/1.10/batik-xml-1.10.jar:/home/adil.shaikh/.m2/repository/xml-apis/xml-apis-ext/1.3.04/xml-apis-ext-1.3.04.jar:/home/adil.shaikh/.m2/repository/org/apache/xmlgraphics/batik-transcoder/1.10/batik-transcoder-1.10.jar:/home/adil.shaikh/.m2/repository/org/apache/xmlgraphics/batik-svggen/1.10/batik-svggen-1.10.jar:/home/adil.shaikh/.m2/repository/org/apache/xmlgraphics/batik-util/1.10/batik-util-1.10.jar:/home/adil.shaikh/.m2/repository/org/apache/xmlgraphics/batik-constants/1.10/batik-constants-1.10.jar:/home/adil.shaikh/.m2/repository/org/apache/xmlgraphics/batik-i18n/1.10/batik-i18n-1.10.jar:/home/adil.shaikh/.m2/repository/org/apache/xmlgraphics/batik-rasterizer/1.10/batik-rasterizer-1.10.jar:/home/adil.shaikh/.m2/repository/org/apache/xmlgraphics/batik-svgrasterizer/1.10/batik-svgrasterizer-1.10.jar:/home/adil.shaikh/.m2/repository/javax/xml/bind/jaxb-api/2.3.1/jaxb-api-2.3.1.jar:"/>
    <property name="java.vm.vendor" value="Oracle Corporation"/>
    <property name="sun.arch.data.model" value="64"/>
    <property name="java.vendor.url" value="https://java.oracle.com/"/>
    <property name="os.name" value="Linux"/>
    <property name="java.vm.specification.version" value="17"/>
    <property name="sun.java.launcher" value="SUN_STANDARD"/>
    <property name="user.country" value="IN"/>
    <property name="sun.boot.library.path" value="/usr/lib/jvm/java-17-oracle/lib"/>
    <property name="sun.java.command" value="/home/adil.shaikh/workspace_intellij/imagegenerator/target/surefire/surefirebooter13400100395495396850.jar /home/adil.shaikh/workspace_intellij/imagegenerator/target/surefire 2023-08-28T12-41-55_298-jvmRun1 surefire11914680375936389947tmp surefire_08253066058100906748tmp"/>
    <property name="jdk.debug" value="release"/>
    <property name="surefire.test.class.path" value="/home/adil.shaikh/workspace_intellij/imagegenerator/target/test-classes:/home/adil.shaikh/workspace_intellij/imagegenerator/target/classes:/home/adil.shaikh/.m2/repository/org/springframework/boot/spring-boot-starter/2.3.1.RELEASE/spring-boot-starter-2.3.1.RELEASE.jar:/home/adil.shaikh/.m2/repository/org/springframework/boot/spring-boot/2.3.1.RELEASE/spring-boot-2.3.1.RELEASE.jar:/home/adil.shaikh/.m2/repository/org/springframework/spring-context/5.2.7.RELEASE/spring-context-5.2.7.RELEASE.jar:/home/adil.shaikh/.m2/repository/org/springframework/spring-aop/5.2.7.RELEASE/spring-aop-5.2.7.RELEASE.jar:/home/adil.shaikh/.m2/repository/org/springframework/spring-expression/5.2.7.RELEASE/spring-expression-5.2.7.RELEASE.jar:/home/adil.shaikh/.m2/repository/org/springframework/boot/spring-boot-autoconfigure/2.3.1.RELEASE/spring-boot-autoconfigure-2.3.1.RELEASE.jar:/home/adil.shaikh/.m2/repository/org/springframework/boot/spring-boot-starter-logging/2.3.1.RELEASE/spring-boot-starter-logging-2.3.1.RELEASE.jar:/home/adil.shaikh/.m2/repository/ch/qos/logback/logback-classic/1.2.3/logback-classic-1.2.3.jar:/home/adil.shaikh/.m2/repository/ch/qos/logback/logback-core/1.2.3/logback-core-1.2.3.jar:/home/adil.shaikh/.m2/repository/org/apache/logging/log4j/log4j-to-slf4j/2.13.3/log4j-to-slf4j-2.13.3.jar:/home/adil.shaikh/.m2/repository/org/apache/logging/log4j/log4j-api/2.13.3/log4j-api-2.13.3.jar:/home/adil.shaikh/.m2/repository/jakarta/annotation/jakarta.annotation-api/1.3.5/jakarta.annotation-api-1.3.5.jar:/home/adil.shaikh/.m2/repository/org/springframework/spring-core/5.2.7.RELEASE/spring-core-5.2.7.RELEASE.jar:/home/adil.shaikh/.m2/repository/org/springframework/spring-jcl/5.2.7.RELEASE/spring-jcl-5.2.7.RELEASE.jar:/home/adil.shaikh/.m2/repository/org/yaml/snakeyaml/1.26/snakeyaml-1.26.jar:/home/adil.shaikh/.m2/repository/org/springframework/cloud/spring-cloud-starter-aws/2.2.2.RELEASE/spring-cloud-starter-aws-2.2.2.RELEASE.jar:/home/adil.shaikh/.m2/repository/org/springframework/cloud/spring-cloud-aws-context/2.2.2.RELEASE/spring-cloud-aws-context-2.2.2.RELEASE.jar:/home/adil.shaikh/.m2/repository/org/springframework/cloud/spring-cloud-aws-core/2.2.2.RELEASE/spring-cloud-aws-core-2.2.2.RELEASE.jar:/home/adil.shaikh/.m2/repository/com/amazonaws/aws-java-sdk-core/1.11.415/aws-java-sdk-core-1.11.415.jar:/home/adil.shaikh/.m2/repository/org/apache/httpcomponents/httpclient/4.5.12/httpclient-4.5.12.jar:/home/adil.shaikh/.m2/repository/org/apache/httpcomponents/httpcore/4.4.13/httpcore-4.4.13.jar:/home/adil.shaikh/.m2/repository/commons-codec/commons-codec/1.14/commons-codec-1.14.jar:/home/adil.shaikh/.m2/repository/software/amazon/ion/ion-java/1.0.2/ion-java-1.0.2.jar:/home/adil.shaikh/.m2/repository/com/fasterxml/jackson/dataformat/jackson-dataformat-cbor/2.11.0/jackson-dataformat-cbor-2.11.0.jar:/home/adil.shaikh/.m2/repository/com/amazonaws/aws-java-sdk-s3/1.11.415/aws-java-sdk-s3-1.11.415.jar:/home/adil.shaikh/.m2/repository/com/amazonaws/aws-java-sdk-kms/1.11.415/aws-java-sdk-kms-1.11.415.jar:/home/adil.shaikh/.m2/repository/com/amazonaws/jmespath-java/1.11.415/jmespath-java-1.11.415.jar:/home/adil.shaikh/.m2/repository/com/amazonaws/aws-java-sdk-ec2/1.11.415/aws-java-sdk-ec2-1.11.415.jar:/home/adil.shaikh/.m2/repository/com/amazonaws/aws-java-sdk-cloudformation/1.11.415/aws-java-sdk-cloudformation-1.11.415.jar:/home/adil.shaikh/.m2/repository/org/springframework/cloud/spring-cloud-aws-autoconfigure/2.2.2.RELEASE/spring-cloud-aws-autoconfigure-2.2.2.RELEASE.jar:/home/adil.shaikh/.m2/repository/org/slf4j/slf4j-api/1.7.30/slf4j-api-1.7.30.jar:/home/adil.shaikh/.m2/repository/javax/activation/javax.activation-api/1.2.0/javax.activation-api-1.2.0.jar:/home/adil.shaikh/.m2/repository/org/springframework/cloud/spring-cloud-function-adapter-aws/3.0.8.RELEASE/spring-cloud-function-adapter-aws-3.0.8.RELEASE.jar:/home/adil.shaikh/.m2/repository/org/springframework/cloud/spring-cloud-function-context/3.0.8.RELEASE/spring-cloud-function-context-3.0.8.RELEASE.jar:/home/adil.shaikh/.m2/repository/net/jodah/typetools/0.6.2/typetools-0.6.2.jar:/home/adil.shaikh/.m2/repository/org/springframework/cloud/spring-cloud-function-core/3.0.8.RELEASE/spring-cloud-function-core-3.0.8.RELEASE.jar:/home/adil.shaikh/.m2/repository/org/springframework/spring-messaging/5.2.7.RELEASE/spring-messaging-5.2.7.RELEASE.jar:/home/adil.shaikh/.m2/repository/org/springframework/spring-web/5.2.7.RELEASE/spring-web-5.2.7.RELEASE.jar:/home/adil.shaikh/.m2/repository/org/springframework/spring-beans/5.2.7.RELEASE/spring-beans-5.2.7.RELEASE.jar:/home/adil.shaikh/.m2/repository/com/fasterxml/jackson/core/jackson-databind/2.11.0/jackson-databind-2.11.0.jar:/home/adil.shaikh/.m2/repository/com/fasterxml/jackson/core/jackson-annotations/2.11.0/jackson-annotations-2.11.0.jar:/home/adil.shaikh/.m2/repository/com/fasterxml/jackson/core/jackson-core/2.11.0/jackson-core-2.11.0.jar:/home/adil.shaikh/.m2/repository/io/projectreactor/reactor-core/3.3.6.RELEASE/reactor-core-3.3.6.RELEASE.jar:/home/adil.shaikh/.m2/repository/org/reactivestreams/reactive-streams/1.0.3/reactive-streams-1.0.3.jar:/home/adil.shaikh/.m2/repository/javax/annotation/javax.annotation-api/1.3.2/javax.annotation-api-1.3.2.jar:/home/adil.shaikh/.m2/repository/com/amazonaws/aws-lambda-java-events/2.0.2/aws-lambda-java-events-2.0.2.jar:/home/adil.shaikh/.m2/repository/joda-time/joda-time/2.6/joda-time-2.6.jar:/home/adil.shaikh/.m2/repository/com/amazonaws/aws-lambda-java-core/1.1.0/aws-lambda-java-core-1.1.0.jar:/home/adil.shaikh/.m2/repository/org/springframework/boot/spring-boot-starter-test/2.3.1.RELEASE/spring-boot-starter-test-2.3.1.RELEASE.jar:/home/adil.shaikh/.m2/repository/org/springframework/boot/spring-boot-test/2.3.1.RELEASE/spring-boot-test-2.3.1.RELEASE.jar:/home/adil.shaikh/.m2/repository/org/springframework/boot/spring-boot-test-autoconfigure/2.3.1.RELEASE/spring-boot-test-autoconfigure-2.3.1.RELEASE.jar:/home/adil.shaikh/.m2/repository/com/jayway/jsonpath/json-path/2.4.0/json-path-2.4.0.jar:/home/adil.shaikh/.m2/repository/net/minidev/json-smart/2.3/json-smart-2.3.jar:/home/adil.shaikh/.m2/repository/net/minidev/accessors-smart/1.2/accessors-smart-1.2.jar:/home/adil.shaikh/.m2/repository/org/ow2/asm/asm/5.0.4/asm-5.0.4.jar:/home/adil.shaikh/.m2/repository/jakarta/xml/bind/jakarta.xml.bind-api/2.3.3/jakarta.xml.bind-api-2.3.3.jar:/home/adil.shaikh/.m2/repository/jakarta/activation/jakarta.activation-api/1.2.2/jakarta.activation-api-1.2.2.jar:/home/adil.shaikh/.m2/repository/org/assertj/assertj-core/3.16.1/assertj-core-3.16.1.jar:/home/adil.shaikh/.m2/repository/org/hamcrest/hamcrest/2.2/hamcrest-2.2.jar:/home/adil.shaikh/.m2/repository/org/junit/jupiter/junit-jupiter/5.6.2/junit-jupiter-5.6.2.jar:/home/adil.shaikh/.m2/repository/org/junit/jupiter/junit-jupiter-api/5.6.2/junit-jupiter-api-5.6.2.jar:/home/adil.shaikh/.m2/repository/org/apiguardian/apiguardian-api/1.1.0/apiguardian-api-1.1.0.jar:/home/adil.shaikh/.m2/repository/org/opentest4j/opentest4j/1.2.0/opentest4j-1.2.0.jar:/home/adil.shaikh/.m2/repository/org/junit/platform/junit-platform-commons/1.6.2/junit-platform-commons-1.6.2.jar:/home/adil.shaikh/.m2/repository/org/junit/jupiter/junit-jupiter-params/5.6.2/junit-jupiter-params-5.6.2.jar:/home/adil.shaikh/.m2/repository/org/junit/jupiter/junit-jupiter-engine/5.6.2/junit-jupiter-engine-5.6.2.jar:/home/adil.shaikh/.m2/repository/org/junit/platform/junit-platform-engine/1.6.2/junit-platform-engine-1.6.2.jar:/home/adil.shaikh/.m2/repository/org/mockito/mockito-core/3.3.3/mockito-core-3.3.3.jar:/home/adil.shaikh/.m2/repository/net/bytebuddy/byte-buddy/1.10.11/byte-buddy-1.10.11.jar:/home/adil.shaikh/.m2/repository/net/bytebuddy/byte-buddy-agent/1.10.11/byte-buddy-agent-1.10.11.jar:/home/adil.shaikh/.m2/repository/org/objenesis/objenesis/2.6/objenesis-2.6.jar:/home/adil.shaikh/.m2/repository/org/mockito/mockito-junit-jupiter/3.3.3/mockito-junit-jupiter-3.3.3.jar:/home/adil.shaikh/.m2/repository/org/skyscreamer/jsonassert/1.5.0/jsonassert-1.5.0.jar:/home/adil.shaikh/.m2/repository/com/vaadin/external/google/android-json/0.0.20131108.vaadin1/android-json-0.0.20131108.vaadin1.jar:/home/adil.shaikh/.m2/repository/org/xmlunit/xmlunit-core/2.7.0/xmlunit-core-2.7.0.jar:/home/adil.shaikh/.m2/repository/org/springframework/spring-test/5.2.7.RELEASE/spring-test-5.2.7.RELEASE.jar:/home/adil.shaikh/.m2/repository/org/apache/avalon/framework/avalon-framework-api/4.3.1/avalon-framework-api-4.3.1.jar:/home/adil.shaikh/.m2/repository/org/apache/avalon/framework/avalon-framework-impl/4.3.1/avalon-framework-impl-4.3.1.jar:/home/adil.shaikh/.m2/repository/org/json/json/20131018/json-20131018.jar:/home/adil.shaikh/.m2/repository/org/slf4j/jul-to-slf4j/1.7.30/jul-to-slf4j-1.7.30.jar:/home/adil.shaikh/.m2/repository/org/apache/xmlgraphics/fop/2.8/fop-2.8.jar:/home/adil.shaikh/.m2/repository/org/apache/xmlgraphics/fop-util/2.8/fop-util-2.8.jar:/home/adil.shaikh/.m2/repository/org/apache/xmlgraphics/xmlgraphics-commons/2.8/xmlgraphics-commons-2.8.jar:/home/adil.shaikh/.m2/repository/org/apache/xmlgraphics/fop-events/2.8/fop-events-2.8.jar:/home/adil.shaikh/.m2/repository/com/thoughtworks/qdox/qdox/1.12/qdox-1.12.jar:/home/adil.shaikh/.m2/repository/commons-io/commons-io/2.11.0/commons-io-2.11.0.jar:/home/adil.shaikh/.m2/repository/org/apache/xmlgraphics/fop-core/2.8/fop-core-2.8.jar:/home/adil.shaikh/.m2/repository/org/apache/xmlgraphics/batik-anim/1.16/batik-anim-1.16.jar:/home/adil.shaikh/.m2/repository/org/apache/xmlgraphics/batik-ext/1.16/batik-ext-1.16.jar:/home/adil.shaikh/.m2/repository/org/apache/xmlgraphics/batik-shared-resources/1.16/batik-shared-resources-1.16.jar:/home/adil.shaikh/.m2/repository/org/apache/xmlgraphics/batik-extension/1.16/batik-extension-1.16.jar:/home/adil.shaikh/.m2/repository/org/apache/xmlgraphics/batik-gvt/1.16/batik-gvt-1.16.jar:/home/adil.shaikh/.m2/repository/org/apache/pdfbox/pdfbox/2.0.0/pdfbox-2.0.0.jar:/home/adil.shaikh/.m2/repository/org/apache/pdfbox/fontbox/2.0.0/fontbox-2.0.0.jar:/home/adil.shaikh/.m2/repository/commons-logging/commons-logging/1.2/commons-logging-1.2.jar:/home/adil.shaikh/.m2/repository/org/apache/xmlgraphics/batik-codec/1.10/batik-codec-1.10.jar:/home/adil.shaikh/.m2/repository/org/apache/xmlgraphics/batik-awt-util/1.10/batik-awt-util-1.10.jar:/home/adil.shaikh/.m2/repository/org/apache/xmlgraphics/batik-bridge/1.10/batik-bridge-1.10.jar:/home/adil.shaikh/.m2/repository/org/apache/xmlgraphics/batik-css/1.10/batik-css-1.10.jar:/home/adil.shaikh/.m2/repository/org/apache/xmlgraphics/batik-dom/1.10/batik-dom-1.10.jar:/home/adil.shaikh/.m2/repository/xalan/xalan/2.7.2/xalan-2.7.2.jar:/home/adil.shaikh/.m2/repository/xalan/serializer/2.7.2/serializer-2.7.2.jar:/home/adil.shaikh/.m2/repository/xml-apis/xml-apis/1.3.04/xml-apis-1.3.04.jar:/home/adil.shaikh/.m2/repository/org/apache/xmlgraphics/batik-parser/1.10/batik-parser-1.10.jar:/home/adil.shaikh/.m2/repository/org/apache/xmlgraphics/batik-script/1.10/batik-script-1.10.jar:/home/adil.shaikh/.m2/repository/org/apache/xmlgraphics/batik-svg-dom/1.10/batik-svg-dom-1.10.jar:/home/adil.shaikh/.m2/repository/org/apache/xmlgraphics/batik-xml/1.10/batik-xml-1.10.jar:/home/adil.shaikh/.m2/repository/xml-apis/xml-apis-ext/1.3.04/xml-apis-ext-1.3.04.jar:/home/adil.shaikh/.m2/repository/org/apache/xmlgraphics/batik-transcoder/1.10/batik-transcoder-1.10.jar:/home/adil.shaikh/.m2/repository/org/apache/xmlgraphics/batik-svggen/1.10/batik-svggen-1.10.jar:/home/adil.shaikh/.m2/repository/org/apache/xmlgraphics/batik-util/1.10/batik-util-1.10.jar:/home/adil.shaikh/.m2/repository/org/apache/xmlgraphics/batik-constants/1.10/batik-constants-1.10.jar:/home/adil.shaikh/.m2/repository/org/apache/xmlgraphics/batik-i18n/1.10/batik-i18n-1.10.jar:/home/adil.shaikh/.m2/repository/org/apache/xmlgraphics/batik-rasterizer/1.10/batik-rasterizer-1.10.jar:/home/adil.shaikh/.m2/repository/org/apache/xmlgraphics/batik-svgrasterizer/1.10/batik-svgrasterizer-1.10.jar:/home/adil.shaikh/.m2/repository/javax/xml/bind/jaxb-api/2.3.1/jaxb-api-2.3.1.jar:"/>
    <property name="sun.cpu.endian" value="little"/>
    <property name="user.home" value="/home/adil.shaikh"/>
    <property name="user.language" value="en"/>
    <property name="java.specification.vendor" value="Oracle Corporation"/>
    <property name="java.version.date" value="2023-01-17"/>
    <property name="java.home" value="/usr/lib/jvm/java-17-oracle"/>
    <property name="file.separator" value="/"/>
    <property name="basedir" value="/home/adil.shaikh/workspace_intellij/imagegenerator"/>
    <property name="java.vm.compressedOopsMode" value="Zero based"/>
    <property name="line.separator" value="&#10;"/>
    <property name="java.vm.specification.vendor" value="Oracle Corporation"/>
    <property name="java.specification.name" value="Java Platform API Specification"/>
    <property name="surefire.real.class.path" value="/home/adil.shaikh/workspace_intellij/imagegenerator/target/surefire/surefirebooter13400100395495396850.jar"/>
    <property name="sun.management.compiler" value="HotSpot 64-Bit Tiered Compilers"/>
    <property name="java.runtime.version" value="17.0.6+9-LTS-190"/>
    <property name="user.name" value="adil.shaikh"/>
    <property name="path.separator" value=":"/>
    <property name="os.version" value="5.15.0-78-generic"/>
    <property name="java.runtime.name" value="Java(TM) SE Runtime Environment"/>
    <property name="file.encoding" value="UTF-8"/>
    <property name="java.vm.name" value="Java HotSpot(TM) 64-Bit Server VM"/>
    <property name="localRepository" value="/home/adil.shaikh/.m2/repository"/>
    <property name="java.vendor.url.bug" value="https://bugreport.java.com/bugreport/"/>
    <property name="java.io.tmpdir" value="/tmp"/>
    <property name="idea.version" value="2023.2"/>
    <property name="java.version" value="17.0.6"/>
    <property name="user.dir" value="/home/adil.shaikh/workspace_intellij/imagegenerator"/>
    <property name="os.arch" value="amd64"/>
    <property name="java.vm.specification.name" value="Java Virtual Machine Specification"/>
    <property name="native.encoding" value="UTF-8"/>
    <property name="java.library.path" value="/usr/java/packages/lib:/usr/lib64:/lib64:/lib:/usr/lib"/>
    <property name="java.vm.info" value="mixed mode, sharing"/>
    <property name="java.vendor" value="Oracle Corporation"/>
    <property name="java.vm.version" value="17.0.6+9-LTS-190"/>
    <property name="sun.io.unicode.encoding" value="UnicodeLittle"/>
    <property name="java.class.version" value="61.0"/>
  </properties>
  <testcase name="contextLoads" classname="com.microd.imagegenerator.ImageGeneratorApplicationTests" time="0.04"/>
</testsuite>