<?xml version="1.0" encoding="UTF-8"?>
<testsuite xmlns:xsi="http://www.w3.org/2001/XMLSchema-instance" xsi:noNamespaceSchemaLocation="https://maven.apache.org/surefire/maven-surefire-plugin/xsd/surefire-test-report.xsd" name="com.microd.imagegenerator.ImageGeneratorApplicationTests" time="1.852" tests="1" errors="0" skipped="0" failures="0">
  <properties>
    <property name="java.specification.version" value="17"/>
    <property name="sun.jnu.encoding" value="UTF-8"/>
    <property name="java.class.path" value="/home/adil.shaikh/workspace_intellij/imagegenerator/target/test-classes:/home/adil.shaikh/workspace_intellij/imagegenerator/target/classes:/home/adil.shaikh/.m2/repository/org/springframework/boot/spring-boot-starter-web/2.1.6.RELEASE/spring-boot-starter-web-2.1.6.RELEASE.jar:/home/adil.shaikh/.m2/repository/org/springframework/boot/spring-boot-starter/2.1.6.RELEASE/spring-boot-starter-2.1.6.RELEASE.jar:/home/adil.shaikh/.m2/repository/org/springframework/boot/spring-boot/2.1.6.RELEASE/spring-boot-2.1.6.RELEASE.jar:/home/adil.shaikh/.m2/repository/org/springframework/boot/spring-boot-autoconfigure/2.1.6.RELEASE/spring-boot-autoconfigure-2.1.6.RELEASE.jar:/home/adil.shaikh/.m2/repository/org/springframework/boot/spring-boot-starter-logging/2.1.6.RELEASE/spring-boot-starter-logging-2.1.6.RELEASE.jar:/home/adil.shaikh/.m2/repository/ch/qos/logback/logback-classic/1.2.3/logback-classic-1.2.3.jar:/home/adil.shaikh/.m2/repository/ch/qos/logback/logback-core/1.2.3/logback-core-1.2.3.jar:/home/adil.shaikh/.m2/repository/org/apache/logging/log4j/log4j-to-slf4j/2.11.2/log4j-to-slf4j-2.11.2.jar:/home/adil.shaikh/.m2/repository/org/apache/logging/log4j/log4j-api/2.11.2/log4j-api-2.11.2.jar:/home/adil.shaikh/.m2/repository/org/yaml/snakeyaml/1.23/snakeyaml-1.23.jar:/home/adil.shaikh/.m2/repository/org/springframework/boot/spring-boot-starter-json/2.1.6.RELEASE/spring-boot-starter-json-2.1.6.RELEASE.jar:/home/adil.shaikh/.m2/repository/com/fasterxml/jackson/core/jackson-databind/2.9.9/jackson-databind-2.9.9.jar:/home/adil.shaikh/.m2/repository/com/fasterxml/jackson/core/jackson-annotations/2.9.0/jackson-annotations-2.9.0.jar:/home/adil.shaikh/.m2/repository/com/fasterxml/jackson/core/jackson-core/2.9.9/jackson-core-2.9.9.jar:/home/adil.shaikh/.m2/repository/com/fasterxml/jackson/datatype/jackson-datatype-jdk8/2.9.9/jackson-datatype-jdk8-2.9.9.jar:/home/adil.shaikh/.m2/repository/com/fasterxml/jackson/datatype/jackson-datatype-jsr310/2.9.9/jackson-datatype-jsr310-2.9.9.jar:/home/adil.shaikh/.m2/repository/com/fasterxml/jackson/module/jackson-module-parameter-names/2.9.9/jackson-module-parameter-names-2.9.9.jar:/home/adil.shaikh/.m2/repository/org/springframework/boot/spring-boot-starter-tomcat/2.1.6.RELEASE/spring-boot-starter-tomcat-2.1.6.RELEASE.jar:/home/adil.shaikh/.m2/repository/org/apache/tomcat/embed/tomcat-embed-core/9.0.21/tomcat-embed-core-9.0.21.jar:/home/adil.shaikh/.m2/repository/org/apache/tomcat/embed/tomcat-embed-el/9.0.21/tomcat-embed-el-9.0.21.jar:/home/adil.shaikh/.m2/repository/org/apache/tomcat/embed/tomcat-embed-websocket/9.0.21/tomcat-embed-websocket-9.0.21.jar:/home/adil.shaikh/.m2/repository/org/hibernate/validator/hibernate-validator/6.0.17.Final/hibernate-validator-6.0.17.Final.jar:/home/adil.shaikh/.m2/repository/javax/validation/validation-api/2.0.1.Final/validation-api-2.0.1.Final.jar:/home/adil.shaikh/.m2/repository/org/jboss/logging/jboss-logging/3.3.2.Final/jboss-logging-3.3.2.Final.jar:/home/adil.shaikh/.m2/repository/com/fasterxml/classmate/1.4.0/classmate-1.4.0.jar:/home/adil.shaikh/.m2/repository/org/springframework/spring-web/5.1.8.RELEASE/spring-web-5.1.8.RELEASE.jar:/home/adil.shaikh/.m2/repository/org/springframework/spring-beans/5.1.8.RELEASE/spring-beans-5.1.8.RELEASE.jar:/home/adil.shaikh/.m2/repository/org/springframework/spring-webmvc/5.1.8.RELEASE/spring-webmvc-5.1.8.RELEASE.jar:/home/adil.shaikh/.m2/repository/org/springframework/spring-aop/5.1.8.RELEASE/spring-aop-5.1.8.RELEASE.jar:/home/adil.shaikh/.m2/repository/org/springframework/spring-context/5.1.8.RELEASE/spring-context-5.1.8.RELEASE.jar:/home/adil.shaikh/.m2/repository/org/springframework/spring-expression/5.1.8.RELEASE/spring-expression-5.1.8.RELEASE.jar:/home/adil.shaikh/.m2/repository/javax/servlet/javax.servlet-api/4.0.1/javax.servlet-api-4.0.1.jar:/home/adil.shaikh/.m2/repository/org/springframework/boot/spring-boot-starter-test/2.1.6.RELEASE/spring-boot-starter-test-2.1.6.RELEASE.jar:/home/adil.shaikh/.m2/repository/org/springframework/boot/spring-boot-test/2.1.6.RELEASE/spring-boot-test-2.1.6.RELEASE.jar:/home/adil.shaikh/.m2/repository/org/springframework/boot/spring-boot-test-autoconfigure/2.1.6.RELEASE/spring-boot-test-autoconfigure-2.1.6.RELEASE.jar:/home/adil.shaikh/.m2/repository/com/jayway/jsonpath/json-path/2.4.0/json-path-2.4.0.jar:/home/adil.shaikh/.m2/repository/net/minidev/json-smart/2.3/json-smart-2.3.jar:/home/adil.shaikh/.m2/repository/net/minidev/accessors-smart/1.2/accessors-smart-1.2.jar:/home/adil.shaikh/.m2/repository/org/ow2/asm/asm/5.0.4/asm-5.0.4.jar:/home/adil.shaikh/.m2/repository/junit/junit/4.12/junit-4.12.jar:/home/adil.shaikh/.m2/repository/org/assertj/assertj-core/3.11.1/assertj-core-3.11.1.jar:/home/adil.shaikh/.m2/repository/org/mockito/mockito-core/2.23.4/mockito-core-2.23.4.jar:/home/adil.shaikh/.m2/repository/net/bytebuddy/byte-buddy/1.9.13/byte-buddy-1.9.13.jar:/home/adil.shaikh/.m2/repository/net/bytebuddy/byte-buddy-agent/1.9.13/byte-buddy-agent-1.9.13.jar:/home/adil.shaikh/.m2/repository/org/objenesis/objenesis/2.6/objenesis-2.6.jar:/home/adil.shaikh/.m2/repository/org/hamcrest/hamcrest-core/1.3/hamcrest-core-1.3.jar:/home/adil.shaikh/.m2/repository/org/hamcrest/hamcrest-library/1.3/hamcrest-library-1.3.jar:/home/adil.shaikh/.m2/repository/org/skyscreamer/jsonassert/1.5.0/jsonassert-1.5.0.jar:/home/adil.shaikh/.m2/repository/com/vaadin/external/google/android-json/0.0.20131108.vaadin1/android-json-0.0.20131108.vaadin1.jar:/home/adil.shaikh/.m2/repository/org/springframework/spring-core/5.1.8.RELEASE/spring-core-5.1.8.RELEASE.jar:/home/adil.shaikh/.m2/repository/org/springframework/spring-jcl/5.1.8.RELEASE/spring-jcl-5.1.8.RELEASE.jar:/home/adil.shaikh/.m2/repository/org/springframework/spring-test/5.1.8.RELEASE/spring-test-5.1.8.RELEASE.jar:/home/adil.shaikh/.m2/repository/org/xmlunit/xmlunit-core/2.6.2/xmlunit-core-2.6.2.jar:/home/adil.shaikh/.m2/repository/com/microd/fop/2.3.patch2815/fop-2.3.patch2815.jar:/home/adil.shaikh/.m2/repository/org/apache/avalon/framework/avalon-framework-api/4.3.1/avalon-framework-api-4.3.1.jar:/home/adil.shaikh/.m2/repository/org/apache/avalon/framework/avalon-framework-impl/4.3.1/avalon-framework-impl-4.3.1.jar:/home/adil.shaikh/.m2/repository/org/json/json/20131018/json-20131018.jar:/home/adil.shaikh/.m2/repository/org/slf4j/jul-to-slf4j/1.7.26/jul-to-slf4j-1.7.26.jar:/home/adil.shaikh/.m2/repository/org/slf4j/slf4j-api/1.7.26/slf4j-api-1.7.26.jar:/home/adil.shaikh/.m2/repository/org/apache/pdfbox/pdfbox/2.0.0/pdfbox-2.0.0.jar:/home/adil.shaikh/.m2/repository/org/apache/pdfbox/fontbox/2.0.0/fontbox-2.0.0.jar:/home/adil.shaikh/.m2/repository/commons-logging/commons-logging/1.2/commons-logging-1.2.jar:/home/adil.shaikh/.m2/repository/org/apache/xmlgraphics/batik-codec/1.10/batik-codec-1.10.jar:/home/adil.shaikh/.m2/repository/org/apache/xmlgraphics/batik-awt-util/1.10/batik-awt-util-1.10.jar:/home/adil.shaikh/.m2/repository/org/apache/xmlgraphics/xmlgraphics-commons/2.2/xmlgraphics-commons-2.2.jar:/home/adil.shaikh/.m2/repository/commons-io/commons-io/1.3.1/commons-io-1.3.1.jar:/home/adil.shaikh/.m2/repository/org/apache/xmlgraphics/batik-bridge/1.10/batik-bridge-1.10.jar:/home/adil.shaikh/.m2/repository/org/apache/xmlgraphics/batik-anim/1.10/batik-anim-1.10.jar:/home/adil.shaikh/.m2/repository/org/apache/xmlgraphics/batik-ext/1.10/batik-ext-1.10.jar:/home/adil.shaikh/.m2/repository/org/apache/xmlgraphics/batik-css/1.10/batik-css-1.10.jar:/home/adil.shaikh/.m2/repository/org/apache/xmlgraphics/batik-dom/1.10/batik-dom-1.10.jar:/home/adil.shaikh/.m2/repository/xalan/xalan/2.7.2/xalan-2.7.2.jar:/home/adil.shaikh/.m2/repository/xalan/serializer/2.7.2/serializer-2.7.2.jar:/home/adil.shaikh/.m2/repository/xml-apis/xml-apis/1.4.01/xml-apis-1.4.01.jar:/home/adil.shaikh/.m2/repository/org/apache/xmlgraphics/batik-gvt/1.10/batik-gvt-1.10.jar:/home/adil.shaikh/.m2/repository/org/apache/xmlgraphics/batik-parser/1.10/batik-parser-1.10.jar:/home/adil.shaikh/.m2/repository/org/apache/xmlgraphics/batik-script/1.10/batik-script-1.10.jar:/home/adil.shaikh/.m2/repository/org/apache/xmlgraphics/batik-svg-dom/1.10/batik-svg-dom-1.10.jar:/home/adil.shaikh/.m2/repository/org/apache/xmlgraphics/batik-xml/1.10/batik-xml-1.10.jar:/home/adil.shaikh/.m2/repository/xml-apis/xml-apis-ext/1.3.04/xml-apis-ext-1.3.04.jar:/home/adil.shaikh/.m2/repository/org/apache/xmlgraphics/batik-transcoder/1.10/batik-transcoder-1.10.jar:/home/adil.shaikh/.m2/repository/org/apache/xmlgraphics/batik-svggen/1.10/batik-svggen-1.10.jar:/home/adil.shaikh/.m2/repository/org/apache/xmlgraphics/batik-util/1.10/batik-util-1.10.jar:/home/adil.shaikh/.m2/repository/org/apache/xmlgraphics/batik-constants/1.10/batik-constants-1.10.jar:/home/adil.shaikh/.m2/repository/org/apache/xmlgraphics/batik-i18n/1.10/batik-i18n-1.10.jar:/home/adil.shaikh/.m2/repository/org/apache/xmlgraphics/batik-rasterizer/1.10/batik-rasterizer-1.10.jar:/home/adil.shaikh/.m2/repository/org/apache/xmlgraphics/batik-svgrasterizer/1.10/batik-svgrasterizer-1.10.jar:/home/adil.shaikh/.m2/repository/com/google/cloud/google-cloud-storage/1.62.0/google-cloud-storage-1.62.0.jar:/home/adil.shaikh/.m2/repository/com/google/cloud/google-cloud-core/1.62.0/google-cloud-core-1.62.0.jar:/home/adil.shaikh/.m2/repository/com/google/guava/guava/26.0-android/guava-26.0-android.jar:/home/adil.shaikh/.m2/repository/org/checkerframework/checker-compat-qual/2.5.2/checker-compat-qual-2.5.2.jar:/home/adil.shaikh/.m2/repository/com/google/errorprone/error_prone_annotations/2.1.3/error_prone_annotations-2.1.3.jar:/home/adil.shaikh/.m2/repository/com/google/j2objc/j2objc-annotations/1.1/j2objc-annotations-1.1.jar:/home/adil.shaikh/.m2/repository/org/codehaus/mojo/animal-sniffer-annotations/1.14/animal-sniffer-annotations-1.14.jar:/home/adil.shaikh/.m2/repository/com/google/http-client/google-http-client/1.27.0/google-http-client-1.27.0.jar:/home/adil.shaikh/.m2/repository/org/apache/httpcomponents/httpclient/4.5.9/httpclient-4.5.9.jar:/home/adil.shaikh/.m2/repository/org/apache/httpcomponents/httpcore/4.4.11/httpcore-4.4.11.jar:/home/adil.shaikh/.m2/repository/commons-codec/commons-codec/1.11/commons-codec-1.11.jar:/home/adil.shaikh/.m2/repository/com/google/code/findbugs/jsr305/3.0.2/jsr305-3.0.2.jar:/home/adil.shaikh/.m2/repository/com/google/api/api-common/1.7.0/api-common-1.7.0.jar:/home/adil.shaikh/.m2/repository/com/google/api/gax/1.38.0/gax-1.38.0.jar:/home/adil.shaikh/.m2/repository/org/threeten/threetenbp/1.3.3/threetenbp-1.3.3.jar:/home/adil.shaikh/.m2/repository/com/google/protobuf/protobuf-java-util/3.6.1/protobuf-java-util-3.6.1.jar:/home/adil.shaikh/.m2/repository/com/google/protobuf/protobuf-java/3.6.1/protobuf-java-3.6.1.jar:/home/adil.shaikh/.m2/repository/com/google/code/gson/gson/2.8.5/gson-2.8.5.jar:/home/adil.shaikh/.m2/repository/com/google/api/grpc/proto-google-common-protos/1.12.0/proto-google-common-protos-1.12.0.jar:/home/adil.shaikh/.m2/repository/com/google/api/grpc/proto-google-iam-v1/0.12.0/proto-google-iam-v1-0.12.0.jar:/home/adil.shaikh/.m2/repository/com/google/cloud/google-cloud-core-http/1.62.0/google-cloud-core-http-1.62.0.jar:/home/adil.shaikh/.m2/repository/com/google/auth/google-auth-library-credentials/0.12.0/google-auth-library-credentials-0.12.0.jar:/home/adil.shaikh/.m2/repository/com/google/auth/google-auth-library-oauth2-http/0.12.0/google-auth-library-oauth2-http-0.12.0.jar:/home/adil.shaikh/.m2/repository/com/google/http-client/google-http-client-jackson2/1.27.0/google-http-client-jackson2-1.27.0.jar:/home/adil.shaikh/.m2/repository/com/google/api-client/google-api-client/1.27.0/google-api-client-1.27.0.jar:/home/adil.shaikh/.m2/repository/com/google/oauth-client/google-oauth-client/1.27.0/google-oauth-client-1.27.0.jar:/home/adil.shaikh/.m2/repository/com/google/http-client/google-http-client-appengine/1.27.0/google-http-client-appengine-1.27.0.jar:/home/adil.shaikh/.m2/repository/com/google/api/gax-httpjson/0.55.0/gax-httpjson-0.55.0.jar:/home/adil.shaikh/.m2/repository/io/opencensus/opencensus-api/0.17.0/opencensus-api-0.17.0.jar:/home/adil.shaikh/.m2/repository/io/grpc/grpc-context/1.14.0/grpc-context-1.14.0.jar:/home/adil.shaikh/.m2/repository/io/opencensus/opencensus-contrib-http-util/0.17.0/opencensus-contrib-http-util-0.17.0.jar:/home/adil.shaikh/.m2/repository/com/google/apis/google-api-services-storage/v1-rev20181109-1.27.0/google-api-services-storage-v1-rev20181109-1.27.0.jar:/home/adil.shaikh/.m2/repository/javax/annotation/javax.annotation-api/1.3.2/javax.annotation-api-1.3.2.jar:/home/adil.shaikh/.m2/repository/javax/xml/bind/jaxb-api/2.3.1/jaxb-api-2.3.1.jar:/home/adil.shaikh/.m2/repository/javax/activation/javax.activation-api/1.2.0/javax.activation-api-1.2.0.jar:/home/adil.shaikh/.m2/repository/com/sun/xml/bind/jaxb-core/2.3.0/jaxb-core-2.3.0.jar:/home/adil.shaikh/.m2/repository/com/sun/xml/bind/jaxb-impl/2.3.0/jaxb-impl-2.3.0.jar:"/>
    <property name="java.vm.vendor" value="Eclipse Adoptium"/>
    <property name="sun.arch.data.model" value="64"/>
    <property name="java.vendor.url" value="https://adoptium.net/"/>
    <property name="os.name" value="Linux"/>
    <property name="java.vm.specification.version" value="17"/>
    <property name="sun.java.launcher" value="SUN_STANDARD"/>
    <property name="user.country" value="IN"/>
    <property name="sun.boot.library.path" value="/opt/sts-4.18.0.RELEASE/plugins/org.eclipse.justj.openjdk.hotspot.jre.full.linux.x86_64_17.0.6.v20230204-1729/jre/lib"/>
    <property name="sun.java.command" value="/home/adil.shaikh/workspace_intellij/imagegenerator/target/surefire/surefirebooter9133683499560484828.jar /home/adil.shaikh/workspace_intellij/imagegenerator/target/surefire 2023-08-10T01-07-48_977-jvmRun1 surefire10332473728943630953tmp surefire_03410666257479126451tmp"/>
    <property name="jdk.debug" value="release"/>
    <property name="surefire.test.class.path" value="/home/adil.shaikh/workspace_intellij/imagegenerator/target/test-classes:/home/adil.shaikh/workspace_intellij/imagegenerator/target/classes:/home/adil.shaikh/.m2/repository/org/springframework/boot/spring-boot-starter-web/2.1.6.RELEASE/spring-boot-starter-web-2.1.6.RELEASE.jar:/home/adil.shaikh/.m2/repository/org/springframework/boot/spring-boot-starter/2.1.6.RELEASE/spring-boot-starter-2.1.6.RELEASE.jar:/home/adil.shaikh/.m2/repository/org/springframework/boot/spring-boot/2.1.6.RELEASE/spring-boot-2.1.6.RELEASE.jar:/home/adil.shaikh/.m2/repository/org/springframework/boot/spring-boot-autoconfigure/2.1.6.RELEASE/spring-boot-autoconfigure-2.1.6.RELEASE.jar:/home/adil.shaikh/.m2/repository/org/springframework/boot/spring-boot-starter-logging/2.1.6.RELEASE/spring-boot-starter-logging-2.1.6.RELEASE.jar:/home/adil.shaikh/.m2/repository/ch/qos/logback/logback-classic/1.2.3/logback-classic-1.2.3.jar:/home/adil.shaikh/.m2/repository/ch/qos/logback/logback-core/1.2.3/logback-core-1.2.3.jar:/home/adil.shaikh/.m2/repository/org/apache/logging/log4j/log4j-to-slf4j/2.11.2/log4j-to-slf4j-2.11.2.jar:/home/adil.shaikh/.m2/repository/org/apache/logging/log4j/log4j-api/2.11.2/log4j-api-2.11.2.jar:/home/adil.shaikh/.m2/repository/org/yaml/snakeyaml/1.23/snakeyaml-1.23.jar:/home/adil.shaikh/.m2/repository/org/springframework/boot/spring-boot-starter-json/2.1.6.RELEASE/spring-boot-starter-json-2.1.6.RELEASE.jar:/home/adil.shaikh/.m2/repository/com/fasterxml/jackson/core/jackson-databind/2.9.9/jackson-databind-2.9.9.jar:/home/adil.shaikh/.m2/repository/com/fasterxml/jackson/core/jackson-annotations/2.9.0/jackson-annotations-2.9.0.jar:/home/adil.shaikh/.m2/repository/com/fasterxml/jackson/core/jackson-core/2.9.9/jackson-core-2.9.9.jar:/home/adil.shaikh/.m2/repository/com/fasterxml/jackson/datatype/jackson-datatype-jdk8/2.9.9/jackson-datatype-jdk8-2.9.9.jar:/home/adil.shaikh/.m2/repository/com/fasterxml/jackson/datatype/jackson-datatype-jsr310/2.9.9/jackson-datatype-jsr310-2.9.9.jar:/home/adil.shaikh/.m2/repository/com/fasterxml/jackson/module/jackson-module-parameter-names/2.9.9/jackson-module-parameter-names-2.9.9.jar:/home/adil.shaikh/.m2/repository/org/springframework/boot/spring-boot-starter-tomcat/2.1.6.RELEASE/spring-boot-starter-tomcat-2.1.6.RELEASE.jar:/home/adil.shaikh/.m2/repository/org/apache/tomcat/embed/tomcat-embed-core/9.0.21/tomcat-embed-core-9.0.21.jar:/home/adil.shaikh/.m2/repository/org/apache/tomcat/embed/tomcat-embed-el/9.0.21/tomcat-embed-el-9.0.21.jar:/home/adil.shaikh/.m2/repository/org/apache/tomcat/embed/tomcat-embed-websocket/9.0.21/tomcat-embed-websocket-9.0.21.jar:/home/adil.shaikh/.m2/repository/org/hibernate/validator/hibernate-validator/6.0.17.Final/hibernate-validator-6.0.17.Final.jar:/home/adil.shaikh/.m2/repository/javax/validation/validation-api/2.0.1.Final/validation-api-2.0.1.Final.jar:/home/adil.shaikh/.m2/repository/org/jboss/logging/jboss-logging/3.3.2.Final/jboss-logging-3.3.2.Final.jar:/home/adil.shaikh/.m2/repository/com/fasterxml/classmate/1.4.0/classmate-1.4.0.jar:/home/adil.shaikh/.m2/repository/org/springframework/spring-web/5.1.8.RELEASE/spring-web-5.1.8.RELEASE.jar:/home/adil.shaikh/.m2/repository/org/springframework/spring-beans/5.1.8.RELEASE/spring-beans-5.1.8.RELEASE.jar:/home/adil.shaikh/.m2/repository/org/springframework/spring-webmvc/5.1.8.RELEASE/spring-webmvc-5.1.8.RELEASE.jar:/home/adil.shaikh/.m2/repository/org/springframework/spring-aop/5.1.8.RELEASE/spring-aop-5.1.8.RELEASE.jar:/home/adil.shaikh/.m2/repository/org/springframework/spring-context/5.1.8.RELEASE/spring-context-5.1.8.RELEASE.jar:/home/adil.shaikh/.m2/repository/org/springframework/spring-expression/5.1.8.RELEASE/spring-expression-5.1.8.RELEASE.jar:/home/adil.shaikh/.m2/repository/javax/servlet/javax.servlet-api/4.0.1/javax.servlet-api-4.0.1.jar:/home/adil.shaikh/.m2/repository/org/springframework/boot/spring-boot-starter-test/2.1.6.RELEASE/spring-boot-starter-test-2.1.6.RELEASE.jar:/home/adil.shaikh/.m2/repository/org/springframework/boot/spring-boot-test/2.1.6.RELEASE/spring-boot-test-2.1.6.RELEASE.jar:/home/adil.shaikh/.m2/repository/org/springframework/boot/spring-boot-test-autoconfigure/2.1.6.RELEASE/spring-boot-test-autoconfigure-2.1.6.RELEASE.jar:/home/adil.shaikh/.m2/repository/com/jayway/jsonpath/json-path/2.4.0/json-path-2.4.0.jar:/home/adil.shaikh/.m2/repository/net/minidev/json-smart/2.3/json-smart-2.3.jar:/home/adil.shaikh/.m2/repository/net/minidev/accessors-smart/1.2/accessors-smart-1.2.jar:/home/adil.shaikh/.m2/repository/org/ow2/asm/asm/5.0.4/asm-5.0.4.jar:/home/adil.shaikh/.m2/repository/junit/junit/4.12/junit-4.12.jar:/home/adil.shaikh/.m2/repository/org/assertj/assertj-core/3.11.1/assertj-core-3.11.1.jar:/home/adil.shaikh/.m2/repository/org/mockito/mockito-core/2.23.4/mockito-core-2.23.4.jar:/home/adil.shaikh/.m2/repository/net/bytebuddy/byte-buddy/1.9.13/byte-buddy-1.9.13.jar:/home/adil.shaikh/.m2/repository/net/bytebuddy/byte-buddy-agent/1.9.13/byte-buddy-agent-1.9.13.jar:/home/adil.shaikh/.m2/repository/org/objenesis/objenesis/2.6/objenesis-2.6.jar:/home/adil.shaikh/.m2/repository/org/hamcrest/hamcrest-core/1.3/hamcrest-core-1.3.jar:/home/adil.shaikh/.m2/repository/org/hamcrest/hamcrest-library/1.3/hamcrest-library-1.3.jar:/home/adil.shaikh/.m2/repository/org/skyscreamer/jsonassert/1.5.0/jsonassert-1.5.0.jar:/home/adil.shaikh/.m2/repository/com/vaadin/external/google/android-json/0.0.20131108.vaadin1/android-json-0.0.20131108.vaadin1.jar:/home/adil.shaikh/.m2/repository/org/springframework/spring-core/5.1.8.RELEASE/spring-core-5.1.8.RELEASE.jar:/home/adil.shaikh/.m2/repository/org/springframework/spring-jcl/5.1.8.RELEASE/spring-jcl-5.1.8.RELEASE.jar:/home/adil.shaikh/.m2/repository/org/springframework/spring-test/5.1.8.RELEASE/spring-test-5.1.8.RELEASE.jar:/home/adil.shaikh/.m2/repository/org/xmlunit/xmlunit-core/2.6.2/xmlunit-core-2.6.2.jar:/home/adil.shaikh/.m2/repository/com/microd/fop/2.3.patch2815/fop-2.3.patch2815.jar:/home/adil.shaikh/.m2/repository/org/apache/avalon/framework/avalon-framework-api/4.3.1/avalon-framework-api-4.3.1.jar:/home/adil.shaikh/.m2/repository/org/apache/avalon/framework/avalon-framework-impl/4.3.1/avalon-framework-impl-4.3.1.jar:/home/adil.shaikh/.m2/repository/org/json/json/20131018/json-20131018.jar:/home/adil.shaikh/.m2/repository/org/slf4j/jul-to-slf4j/1.7.26/jul-to-slf4j-1.7.26.jar:/home/adil.shaikh/.m2/repository/org/slf4j/slf4j-api/1.7.26/slf4j-api-1.7.26.jar:/home/adil.shaikh/.m2/repository/org/apache/pdfbox/pdfbox/2.0.0/pdfbox-2.0.0.jar:/home/adil.shaikh/.m2/repository/org/apache/pdfbox/fontbox/2.0.0/fontbox-2.0.0.jar:/home/adil.shaikh/.m2/repository/commons-logging/commons-logging/1.2/commons-logging-1.2.jar:/home/adil.shaikh/.m2/repository/org/apache/xmlgraphics/batik-codec/1.10/batik-codec-1.10.jar:/home/adil.shaikh/.m2/repository/org/apache/xmlgraphics/batik-awt-util/1.10/batik-awt-util-1.10.jar:/home/adil.shaikh/.m2/repository/org/apache/xmlgraphics/xmlgraphics-commons/2.2/xmlgraphics-commons-2.2.jar:/home/adil.shaikh/.m2/repository/commons-io/commons-io/1.3.1/commons-io-1.3.1.jar:/home/adil.shaikh/.m2/repository/org/apache/xmlgraphics/batik-bridge/1.10/batik-bridge-1.10.jar:/home/adil.shaikh/.m2/repository/org/apache/xmlgraphics/batik-anim/1.10/batik-anim-1.10.jar:/home/adil.shaikh/.m2/repository/org/apache/xmlgraphics/batik-ext/1.10/batik-ext-1.10.jar:/home/adil.shaikh/.m2/repository/org/apache/xmlgraphics/batik-css/1.10/batik-css-1.10.jar:/home/adil.shaikh/.m2/repository/org/apache/xmlgraphics/batik-dom/1.10/batik-dom-1.10.jar:/home/adil.shaikh/.m2/repository/xalan/xalan/2.7.2/xalan-2.7.2.jar:/home/adil.shaikh/.m2/repository/xalan/serializer/2.7.2/serializer-2.7.2.jar:/home/adil.shaikh/.m2/repository/xml-apis/xml-apis/1.4.01/xml-apis-1.4.01.jar:/home/adil.shaikh/.m2/repository/org/apache/xmlgraphics/batik-gvt/1.10/batik-gvt-1.10.jar:/home/adil.shaikh/.m2/repository/org/apache/xmlgraphics/batik-parser/1.10/batik-parser-1.10.jar:/home/adil.shaikh/.m2/repository/org/apache/xmlgraphics/batik-script/1.10/batik-script-1.10.jar:/home/adil.shaikh/.m2/repository/org/apache/xmlgraphics/batik-svg-dom/1.10/batik-svg-dom-1.10.jar:/home/adil.shaikh/.m2/repository/org/apache/xmlgraphics/batik-xml/1.10/batik-xml-1.10.jar:/home/adil.shaikh/.m2/repository/xml-apis/xml-apis-ext/1.3.04/xml-apis-ext-1.3.04.jar:/home/adil.shaikh/.m2/repository/org/apache/xmlgraphics/batik-transcoder/1.10/batik-transcoder-1.10.jar:/home/adil.shaikh/.m2/repository/org/apache/xmlgraphics/batik-svggen/1.10/batik-svggen-1.10.jar:/home/adil.shaikh/.m2/repository/org/apache/xmlgraphics/batik-util/1.10/batik-util-1.10.jar:/home/adil.shaikh/.m2/repository/org/apache/xmlgraphics/batik-constants/1.10/batik-constants-1.10.jar:/home/adil.shaikh/.m2/repository/org/apache/xmlgraphics/batik-i18n/1.10/batik-i18n-1.10.jar:/home/adil.shaikh/.m2/repository/org/apache/xmlgraphics/batik-rasterizer/1.10/batik-rasterizer-1.10.jar:/home/adil.shaikh/.m2/repository/org/apache/xmlgraphics/batik-svgrasterizer/1.10/batik-svgrasterizer-1.10.jar:/home/adil.shaikh/.m2/repository/com/google/cloud/google-cloud-storage/1.62.0/google-cloud-storage-1.62.0.jar:/home/adil.shaikh/.m2/repository/com/google/cloud/google-cloud-core/1.62.0/google-cloud-core-1.62.0.jar:/home/adil.shaikh/.m2/repository/com/google/guava/guava/26.0-android/guava-26.0-android.jar:/home/adil.shaikh/.m2/repository/org/checkerframework/checker-compat-qual/2.5.2/checker-compat-qual-2.5.2.jar:/home/adil.shaikh/.m2/repository/com/google/errorprone/error_prone_annotations/2.1.3/error_prone_annotations-2.1.3.jar:/home/adil.shaikh/.m2/repository/com/google/j2objc/j2objc-annotations/1.1/j2objc-annotations-1.1.jar:/home/adil.shaikh/.m2/repository/org/codehaus/mojo/animal-sniffer-annotations/1.14/animal-sniffer-annotations-1.14.jar:/home/adil.shaikh/.m2/repository/com/google/http-client/google-http-client/1.27.0/google-http-client-1.27.0.jar:/home/adil.shaikh/.m2/repository/org/apache/httpcomponents/httpclient/4.5.9/httpclient-4.5.9.jar:/home/adil.shaikh/.m2/repository/org/apache/httpcomponents/httpcore/4.4.11/httpcore-4.4.11.jar:/home/adil.shaikh/.m2/repository/commons-codec/commons-codec/1.11/commons-codec-1.11.jar:/home/adil.shaikh/.m2/repository/com/google/code/findbugs/jsr305/3.0.2/jsr305-3.0.2.jar:/home/adil.shaikh/.m2/repository/com/google/api/api-common/1.7.0/api-common-1.7.0.jar:/home/adil.shaikh/.m2/repository/com/google/api/gax/1.38.0/gax-1.38.0.jar:/home/adil.shaikh/.m2/repository/org/threeten/threetenbp/1.3.3/threetenbp-1.3.3.jar:/home/adil.shaikh/.m2/repository/com/google/protobuf/protobuf-java-util/3.6.1/protobuf-java-util-3.6.1.jar:/home/adil.shaikh/.m2/repository/com/google/protobuf/protobuf-java/3.6.1/protobuf-java-3.6.1.jar:/home/adil.shaikh/.m2/repository/com/google/code/gson/gson/2.8.5/gson-2.8.5.jar:/home/adil.shaikh/.m2/repository/com/google/api/grpc/proto-google-common-protos/1.12.0/proto-google-common-protos-1.12.0.jar:/home/adil.shaikh/.m2/repository/com/google/api/grpc/proto-google-iam-v1/0.12.0/proto-google-iam-v1-0.12.0.jar:/home/adil.shaikh/.m2/repository/com/google/cloud/google-cloud-core-http/1.62.0/google-cloud-core-http-1.62.0.jar:/home/adil.shaikh/.m2/repository/com/google/auth/google-auth-library-credentials/0.12.0/google-auth-library-credentials-0.12.0.jar:/home/adil.shaikh/.m2/repository/com/google/auth/google-auth-library-oauth2-http/0.12.0/google-auth-library-oauth2-http-0.12.0.jar:/home/adil.shaikh/.m2/repository/com/google/http-client/google-http-client-jackson2/1.27.0/google-http-client-jackson2-1.27.0.jar:/home/adil.shaikh/.m2/repository/com/google/api-client/google-api-client/1.27.0/google-api-client-1.27.0.jar:/home/adil.shaikh/.m2/repository/com/google/oauth-client/google-oauth-client/1.27.0/google-oauth-client-1.27.0.jar:/home/adil.shaikh/.m2/repository/com/google/http-client/google-http-client-appengine/1.27.0/google-http-client-appengine-1.27.0.jar:/home/adil.shaikh/.m2/repository/com/google/api/gax-httpjson/0.55.0/gax-httpjson-0.55.0.jar:/home/adil.shaikh/.m2/repository/io/opencensus/opencensus-api/0.17.0/opencensus-api-0.17.0.jar:/home/adil.shaikh/.m2/repository/io/grpc/grpc-context/1.14.0/grpc-context-1.14.0.jar:/home/adil.shaikh/.m2/repository/io/opencensus/opencensus-contrib-http-util/0.17.0/opencensus-contrib-http-util-0.17.0.jar:/home/adil.shaikh/.m2/repository/com/google/apis/google-api-services-storage/v1-rev20181109-1.27.0/google-api-services-storage-v1-rev20181109-1.27.0.jar:/home/adil.shaikh/.m2/repository/javax/annotation/javax.annotation-api/1.3.2/javax.annotation-api-1.3.2.jar:/home/adil.shaikh/.m2/repository/javax/xml/bind/jaxb-api/2.3.1/jaxb-api-2.3.1.jar:/home/adil.shaikh/.m2/repository/javax/activation/javax.activation-api/1.2.0/javax.activation-api-1.2.0.jar:/home/adil.shaikh/.m2/repository/com/sun/xml/bind/jaxb-core/2.3.0/jaxb-core-2.3.0.jar:/home/adil.shaikh/.m2/repository/com/sun/xml/bind/jaxb-impl/2.3.0/jaxb-impl-2.3.0.jar:"/>
    <property name="sun.cpu.endian" value="little"/>
    <property name="user.home" value="/home/adil.shaikh"/>
    <property name="user.language" value="en"/>
    <property name="java.specification.vendor" value="Oracle Corporation"/>
    <property name="java.version.date" value="2023-01-17"/>
    <property name="java.home" value="/opt/sts-4.18.0.RELEASE/plugins/org.eclipse.justj.openjdk.hotspot.jre.full.linux.x86_64_17.0.6.v20230204-1729/jre"/>
    <property name="file.separator" value="/"/>
    <property name="style.color" value="always"/>
    <property name="basedir" value="/home/adil.shaikh/workspace_intellij/imagegenerator"/>
    <property name="java.vm.compressedOopsMode" value="Zero based"/>
    <property name="line.separator" value="&#10;"/>
    <property name="java.vm.specification.vendor" value="Oracle Corporation"/>
    <property name="java.specification.name" value="Java Platform API Specification"/>
    <property name="surefire.real.class.path" value="/home/adil.shaikh/workspace_intellij/imagegenerator/target/surefire/surefirebooter9133683499560484828.jar"/>
    <property name="sun.management.compiler" value="HotSpot 64-Bit Tiered Compilers"/>
    <property name="java.runtime.version" value="17.0.6+10"/>
    <property name="user.name" value="adil.shaikh"/>
    <property name="path.separator" value=":"/>
    <property name="os.version" value="5.15.0-78-generic"/>
    <property name="java.runtime.name" value="OpenJDK Runtime Environment"/>
    <property name="file.encoding" value="UTF-8"/>
    <property name="java.vm.name" value="OpenJDK 64-Bit Server VM"/>
    <property name="java.vendor.version" value="Temurin-17.0.6+10"/>
    <property name="localRepository" value="/home/adil.shaikh/.m2/repository"/>
    <property name="java.vendor.url.bug" value="https://github.com/adoptium/adoptium-support/issues"/>
    <property name="java.io.tmpdir" value="/tmp"/>
    <property name="java.version" value="17.0.6"/>
    <property name="user.dir" value="/home/adil.shaikh/workspace_intellij/imagegenerator"/>
    <property name="os.arch" value="amd64"/>
    <property name="java.vm.specification.name" value="Java Virtual Machine Specification"/>
    <property name="native.encoding" value="UTF-8"/>
    <property name="java.library.path" value="/usr/java/packages/lib:/usr/lib64:/lib64:/lib:/usr/lib"/>
    <property name="java.vm.info" value="mixed mode"/>
    <property name="java.vendor" value="Eclipse Adoptium"/>
    <property name="java.vm.version" value="17.0.6+10"/>
    <property name="sun.io.unicode.encoding" value="UnicodeLittle"/>
    <property name="java.class.version" value="61.0"/>
  </properties>
  <testcase name="contextLoads" classname="com.microd.imagegenerator.ImageGeneratorApplicationTests" time="0.192"/>
</testsuite>